Command "daemon" is deprecated, and will be removed in Docker 1.16. Please run `dockerd` directly.
time="2018-02-27T01:32:38.606935566Z" level=info msg="libcontainerd: new containerd process, pid: 1019" 
time="2018-02-27T01:32:38.634583831Z" level=warning msg="containerd: low RLIMIT_NOFILE changing to max" current=1024 max=1048576 
time="2018-02-27T01:32:42.119836012Z" level=info msg="Graph migration to content-addressability took 0.00 seconds" 
time="2018-02-27T01:32:42.121630083Z" level=warning msg="Your kernel does not support swap memory limit" 
time="2018-02-27T01:32:42.121745203Z" level=warning msg="Your kernel does not support cgroup rt period" 
time="2018-02-27T01:32:42.121765772Z" level=warning msg="Your kernel does not support cgroup rt runtime" 
time="2018-02-27T01:32:42.122497045Z" level=info msg="Loading containers: start." 
time="2018-02-27T01:32:42.265218505Z" level=warning msg="libcontainerd: client is out of sync, restore was called on a fully synced container (bd1ce307b69728e41757a3ac31468279f60b435577297a5903f8471c351c1fe9)." 
time="2018-02-27T01:32:42.265844018Z" level=warning msg="libcontainerd: failed to retrieve container bd1ce307b69728e41757a3ac31468279f60b435577297a5903f8471c351c1fe9 state: rpc error: code = 2 desc = containerd: container not found" 
time="2018-02-27T01:32:42.266013706Z" level=warning msg="failed to cleanup ipc mounts:\nfailed to umount /var/lib/docker/containers/bd1ce307b69728e41757a3ac31468279f60b435577297a5903f8471c351c1fe9/shm: invalid argument" 
time="2018-02-27T01:32:42.268376447Z" level=warning msg="Failed to mount container on getting BaseFs path bd1ce307b69728e41757a3ac31468279f60b435577297a5903f8471c351c1fe9: error creating overlay mount to /var/lib/docker/overlay2/4b4c1683d211398cb992f48dfb6140899b9532d1f987d7515182f6ef09f4c717/merged: no such file or directory" 
time="2018-02-27T01:32:42.277875116Z" level=info msg="Firewalld running: false" 
time="2018-02-27T01:32:43.372733185Z" level=info msg="Default bridge (docker0) is assigned with an IP address 172.17.0.0/16. Daemon option --bip can be used to set a preferred IP address" 
time="2018-02-27T01:32:43.635944386Z" level=warning msg="error locating sandbox id af2adbb4dffef04c6fe2af58c56208d73c4aadb7575e10c5ba02f50ca3a7b9cc: sandbox af2adbb4dffef04c6fe2af58c56208d73c4aadb7575e10c5ba02f50ca3a7b9cc not found" 
time="2018-02-27T01:32:43.636535196Z" level=warning msg="failed to cleanup ipc mounts:\nfailed to umount /var/lib/docker/containers/d2684e58622920a1d80cb0ed2fd66e9fa9bac7cfd7c7a3ac8ca787bb8cb494ac/shm: invalid argument" 
time="2018-02-27T01:32:43.636697361Z" level=error msg="Failed to start container d2684e58622920a1d80cb0ed2fd66e9fa9bac7cfd7c7a3ac8ca787bb8cb494ac: error creating overlay mount to /var/lib/docker/overlay2/d1b73c301a8f2b5f9bf4f4182323af47d181b8cc87655c982992ef40cd4ff780/merged: no such file or directory" 
time="2018-02-27T01:32:43.641492306Z" level=warning msg="error locating sandbox id 65dbf4da66be6769c4d3944d830b66cafdcef816f2c11d23b796f89b7f9453d6: sandbox 65dbf4da66be6769c4d3944d830b66cafdcef816f2c11d23b796f89b7f9453d6 not found" 
time="2018-02-27T01:32:43.641621762Z" level=warning msg="failed to cleanup ipc mounts:\nfailed to umount /var/lib/docker/containers/bd1ce307b69728e41757a3ac31468279f60b435577297a5903f8471c351c1fe9/shm: invalid argument" 
time="2018-02-27T01:32:43.641705094Z" level=error msg="Failed to start container bd1ce307b69728e41757a3ac31468279f60b435577297a5903f8471c351c1fe9: error creating overlay mount to /var/lib/docker/overlay2/4b4c1683d211398cb992f48dfb6140899b9532d1f987d7515182f6ef09f4c717/merged: no such file or directory" 
time="2018-02-27T01:32:43.645433302Z" level=warning msg="error locating sandbox id a9be9a91bcefc71995b29027a18eb11bf17d9d2afc23982430bebc817a17190d: sandbox a9be9a91bcefc71995b29027a18eb11bf17d9d2afc23982430bebc817a17190d not found" 
time="2018-02-27T01:32:43.645538796Z" level=warning msg="failed to cleanup ipc mounts:\nfailed to umount /var/lib/docker/containers/099bf52cb7d84c90e9db7fc5a570d87627b84b8c9477c94cfe0cb1558e4f7097/shm: invalid argument" 
time="2018-02-27T01:32:43.645615700Z" level=error msg="Failed to start container 099bf52cb7d84c90e9db7fc5a570d87627b84b8c9477c94cfe0cb1558e4f7097: error creating overlay mount to /var/lib/docker/overlay2/fa57243965d730449a7cc5114c4d6d99ae683f35c3ea3cf15e8fdc22c65546e5/merged: no such file or directory" 
time="2018-02-27T01:32:43.646448660Z" level=info msg="Loading containers: done." 
time="2018-02-27T01:32:44.307403532Z" level=warning msg="failed to retrieve docker-init version: unknown output format: tini version 0.13.0\n" 
time="2018-02-27T01:32:44.380192875Z" level=info msg="Listening for local connections" addr="/var/run/docker/swarm/control.sock" proto=unix 
time="2018-02-27T01:32:44.380731226Z" level=info msg="Listening for connections" addr="[::]:2377" proto=tcp 
time="2018-02-27T01:32:44.405219647Z" level=info msg="2452304d68c5f80a became follower at term 7" 
time="2018-02-27T01:32:44.405690157Z" level=info msg="newRaft 2452304d68c5f80a [peers: [], term: 7, commit: 361, applied: 0, lastindex: 361, lastterm: 7]" 
time="2018-02-27T01:32:44.517551552Z" level=info msg="2452304d68c5f80a is starting a new election at term 7" 
time="2018-02-27T01:32:44.517980592Z" level=info msg="2452304d68c5f80a became candidate at term 8" 
time="2018-02-27T01:32:44.518009638Z" level=info msg="2452304d68c5f80a received vote from 2452304d68c5f80a at term 8" 
time="2018-02-27T01:32:44.518031894Z" level=info msg="2452304d68c5f80a became leader at term 8" 
time="2018-02-27T01:32:44.518064022Z" level=info msg="raft.node: 2452304d68c5f80a elected leader 2452304d68c5f80a at term 8" 
time="2018-02-27T01:32:44.524272048Z" level=warning msg="Unable to locate plugin: bridge, retrying in 1s" 
time="2018-02-27T01:32:44.879303833Z" level=warning msg="failed to retrieve docker-init version: unknown output format: tini version 0.13.0\n" 
time="2018-02-27T01:32:44.897155301Z" level=info msg="Initializing Libnetwork Agent Listen-Addr=0.0.0.0 Local-addr=45.32.237.130 Adv-addr=45.32.237.130 Remote-addr =" 
time="2018-02-27T01:32:44.897806354Z" level=info msg="Daemon has completed initialization" 
time="2018-02-27T01:32:44.897832706Z" level=info msg="Docker daemon" commit=092cba3 graphdriver=overlay2 version=1.13.1 
time="2018-02-27T01:32:44.910195904Z" level=info msg="Initializing Libnetwork Agent Listen-Addr=0.0.0.0 Local-addr=45.32.237.130 Adv-addr=45.32.237.130 Remote-addr =" 
time="2018-02-27T01:32:44.910300944Z" level=info msg="Gossip cluster hostname vultr.guest-c95e2b1f6305" 
time="2018-02-27T01:32:44.911285685Z" level=info msg="API listen on /var/run/docker.sock" 
time="2018-02-27T01:32:44.924450907Z" level=info msg="No non-localhost DNS nameservers are left in resolv.conf. Using default external servers: [nameserver 8.8.8.8 nameserver 8.8.4.4]" 
time="2018-02-27T01:32:44.924850813Z" level=info msg="IPv6 enabled; Adding default IPv6 external servers: [nameserver 2001:4860:4860::8888 nameserver 2001:4860:4860::8844]" 
time="2018-02-27T01:32:45Z" level=info msg="Firewalld running: false" 
time="2018-02-27T01:32:45.524772933Z" level=warning msg="Unable to locate plugin: bridge, retrying in 2s" 
time="2018-02-27T01:32:47.525233647Z" level=warning msg="Unable to locate plugin: bridge, retrying in 4s" 
time="2018-02-27T01:32:51.525730244Z" level=warning msg="Unable to locate plugin: bridge, retrying in 8s" 
time="2018-02-27T01:32:59.527790094Z" level=error msg="failed allocating network aywa8xljyry905hztc3xn0kyi during init" error="failed during network allocation for network aywa8xljyry905hztc3xn0kyi: failed while allocating driver state for network aywa8xljyry905hztc3xn0kyi: legacy plugin: plugin not found" 
time="2018-02-27T01:32:59.529933597Z" level=warning msg="Unable to locate plugin: host, retrying in 1s" 
time="2018-02-27T01:33:00.530390423Z" level=warning msg="Unable to locate plugin: host, retrying in 2s" 
time="2018-02-27T01:33:02.530775713Z" level=warning msg="Unable to locate plugin: host, retrying in 4s" 
time="2018-02-27T01:33:05.238125633Z" level=warning msg="failed to retrieve docker-init version: unknown output format: tini version 0.13.0\n" 
time="2018-02-27T01:33:06.531361053Z" level=warning msg="Unable to locate plugin: host, retrying in 8s" 
time="2018-02-27T01:33:14.533187068Z" level=error msg="failed allocating network vxo6less1kr18fsk6ig0hkpxs during init" error="failed during network allocation for network vxo6less1kr18fsk6ig0hkpxs: failed while allocating driver state for network vxo6less1kr18fsk6ig0hkpxs: legacy plugin: plugin not found" 
time="2018-02-27T01:33:14.541999498Z" level=warning msg="Unable to locate plugin: host, retrying in 1s" 
time="2018-02-27T01:33:15.542629283Z" level=warning msg="Unable to locate plugin: host, retrying in 2s" 
time="2018-02-27T01:33:17.543217198Z" level=warning msg="Unable to locate plugin: host, retrying in 4s" 
time="2018-02-27T01:33:21.543855095Z" level=warning msg="Unable to locate plugin: host, retrying in 8s" 
time="2018-02-27T01:33:25.238651173Z" level=warning msg="failed to retrieve docker-init version: unknown output format: tini version 0.13.0\n" 
time="2018-02-27T01:33:29.546017375Z" level=warning msg="Unable to locate plugin: host, retrying in 1s" 
time="2018-02-27T01:33:30.550455168Z" level=warning msg="Unable to locate plugin: host, retrying in 2s" 
time="2018-02-27T01:33:32.550964614Z" level=warning msg="Unable to locate plugin: host, retrying in 4s" 
time="2018-02-27T01:33:36.086642983Z" level=warning msg="failed to retrieve docker-init version: unknown output format: tini version 0.13.0\n" 
time="2018-02-27T01:33:36.174245091Z" level=warning msg="error locating sandbox id d271d2fe76cb1ea724d8cfb0d6c266b68505069e2d575787dba4b4f62ffad3b1: sandbox d271d2fe76cb1ea724d8cfb0d6c266b68505069e2d575787dba4b4f62ffad3b1 not found" 
time="2018-02-27T01:33:36.175490255Z" level=warning msg="failed to cleanup ipc mounts:\nfailed to umount /var/lib/docker/containers/b07d43577fa9b20b60f664120fbc38d0b73abdefeaeb02dbc4239dba04d49fe1/shm: invalid argument" 
time="2018-02-27T01:33:36.175768676Z" level=error msg="Handler for POST /v1.22/containers/b07d43577fa9b20b60f664120fbc38d0b73abdefeaeb02dbc4239dba04d49fe1/start returned error: error creating overlay mount to /var/lib/docker/overlay2/2e91a78fcf4b6947d2708618dc0b821d900b605ad8a985942e8e49438959201a/merged: no such file or directory" 
time="2018-02-27T01:33:36.551808690Z" level=warning msg="Unable to locate plugin: host, retrying in 8s" 
time="2018-02-27T01:33:44.552998391Z" level=warning msg="Unable to locate plugin: host, retrying in 1s" 
time="2018-02-27T01:33:45.500725554Z" level=warning msg="failed to retrieve docker-init version: unknown output format: tini version 0.13.0\n" 
time="2018-02-27T01:33:45.554888487Z" level=warning msg="Unable to locate plugin: host, retrying in 2s" 
time="2018-02-27T01:33:47.555714795Z" level=warning msg="Unable to locate plugin: host, retrying in 4s" 
time="2018-02-27T01:33:51.556257188Z" level=warning msg="Unable to locate plugin: host, retrying in 8s" 
time="2018-02-27T01:33:59.558267411Z" level=warning msg="Unable to locate plugin: host, retrying in 1s" 
time="2018-02-27T01:34:00.560475080Z" level=warning msg="Unable to locate plugin: host, retrying in 2s" 
time="2018-02-27T01:34:02.561085603Z" level=warning msg="Unable to locate plugin: host, retrying in 4s" 
time="2018-02-27T01:34:05.279637257Z" level=warning msg="failed to retrieve docker-init version: unknown output format: tini version 0.13.0\n" 
time="2018-02-27T01:34:06.561752269Z" level=warning msg="Unable to locate plugin: host, retrying in 8s" 
time="2018-02-27T01:34:14.563512308Z" level=warning msg="Unable to locate plugin: host, retrying in 1s" 
time="2018-02-27T01:34:15.565153457Z" level=warning msg="Unable to locate plugin: host, retrying in 2s" 
time="2018-02-27T01:34:17.565568924Z" level=warning msg="Unable to locate plugin: host, retrying in 4s" 
time="2018-02-27T01:34:21.566011639Z" level=warning msg="Unable to locate plugin: host, retrying in 8s" 
time="2018-02-27T01:34:25.645538265Z" level=warning msg="failed to retrieve docker-init version: unknown output format: tini version 0.13.0\n" 
time="2018-02-27T01:34:29.567706561Z" level=warning msg="Unable to locate plugin: host, retrying in 1s" 
time="2018-02-27T01:34:30.571354316Z" level=warning msg="Unable to locate plugin: host, retrying in 2s" 
time="2018-02-27T01:34:32.571777891Z" level=warning msg="Unable to locate plugin: host, retrying in 4s" 
time="2018-02-27T01:34:36.572356317Z" level=warning msg="Unable to locate plugin: host, retrying in 8s" 
time="2018-02-27T01:34:45.293146556Z" level=warning msg="failed to retrieve docker-init version: unknown output format: tini version 0.13.0\n" 
time="2018-02-27T01:35:05.404900750Z" level=warning msg="failed to retrieve docker-init version: unknown output format: tini version 0.13.0\n" 
time="2018-02-27T01:35:25.344465425Z" level=warning msg="failed to retrieve docker-init version: unknown output format: tini version 0.13.0\n" 
time="2018-02-27T01:35:45.640678604Z" level=warning msg="failed to retrieve docker-runc version: exec: \"docker-runc\": executable file not found in $PATH" 
time="2018-02-27T01:35:45.641760785Z" level=warning msg="failed to retrieve docker-init version" 
time="2018-02-27T01:36:05.222510873Z" level=warning msg="failed to retrieve docker-runc version: exec: \"docker-runc\": executable file not found in $PATH" 
time="2018-02-27T01:36:05.223641688Z" level=warning msg="failed to retrieve docker-init version" 
time="2018-02-27T01:36:25.229974616Z" level=warning msg="failed to retrieve docker-runc version: exec: \"docker-runc\": executable file not found in $PATH" 
time="2018-02-27T01:36:25.230589789Z" level=warning msg="failed to retrieve docker-init version" 
time="2018-02-27T01:36:45.346498843Z" level=warning msg="failed to retrieve docker-runc version: exec: \"docker-runc\": executable file not found in $PATH" 
time="2018-02-27T01:36:45.348003173Z" level=warning msg="failed to retrieve docker-init version" 
time="2018-02-27T01:37:05.258902404Z" level=warning msg="failed to retrieve docker-runc version: exec: \"docker-runc\": executable file not found in $PATH" 
time="2018-02-27T01:37:05.260459614Z" level=warning msg="failed to retrieve docker-init version" 
time="2018-02-27T01:37:25.646969658Z" level=warning msg="failed to retrieve docker-runc version: exec: \"docker-runc\": executable file not found in $PATH" 
time="2018-02-27T01:37:25.648204768Z" level=warning msg="failed to retrieve docker-init version" 
